c:\devel\spartacus-version-infow_working_no_decrypt\spartacus-version-infow\x64\release\vc143.pdb
c:\devel\spartacus-version-infow_working_no_decrypt\spartacus-version-infow\x64\release\dllmain.obj
c:\devel\spartacus-version-infow_working_no_decrypt\spartacus-version-infow\x64\release\syscalls.obj
c:\devel\spartacus-version-infow_working_no_decrypt\spartacus-version-infow\x64\release\version.dll
c:\devel\spartacus-version-infow_working_no_decrypt\spartacus-version-infow\x64\release\version.lib
c:\devel\spartacus-version-infow_working_no_decrypt\spartacus-version-infow\x64\release\version.exp
c:\devel\spartacus-version-infow_working_no_decrypt\spartacus-version-infow\x64\release\version.ipdb
c:\devel\spartacus-version-infow_working_no_decrypt\spartacus-version-infow\x64\release\version.iobj
c:\devel\spartacus-version-infow_working_no_decrypt\spartacus-version-infow\x64\release\syscallsstubs.std.x64.obj
c:\devel\spartacus-version-infow_working_no_decrypt\spartacus-version-infow\x64\release\version.res
c:\devel\spartacus-version-infow_working_no_decrypt\versiondllhijackdropper\x64\release\dllmain.obj
c:\devel\spartacus-version-infow_working_no_decrypt\versiondllhijackdropper\x64\release\syscalls.obj
c:\devel\spartacus-version-infow_working_no_decrypt\versiondllhijackdropper\x64\release\syscallsstubs.std.x64.obj
c:\devel\spartacus-version-infow_working_no_decrypt\versiondllhijackdropper\x64\release\version.ipdb
c:\devel\spartacus-version-infow_working_no_decrypt\versiondllhijackdropper\x64\release\version.iobj
c:\devel\spartacus-version-infow_working_no_decrypt\versiondllhijackdropper\x64\release\version.res
c:\devel\spartacus-version-infow_working_no_decrypt\versiondllhijackdropper\x64\release\version.exp
c:\devel\spartacus-version-infow_working_no_decrypt\versiondllhijackdropper\x64\release\vc143.pdb
c:\devel\spartacus-version-infow_working_no_decrypt\versiondllhijackdropper\x64\release\version.dll
c:\devel\spartacus-version-infow_working_no_decrypt\versiondllhijackdropper\x64\release\version.tlog\cl.command.1.tlog
c:\devel\spartacus-version-infow_working_no_decrypt\versiondllhijackdropper\x64\release\version.tlog\cl.items.tlog
c:\devel\spartacus-version-infow_working_no_decrypt\versiondllhijackdropper\x64\release\version.tlog\cl.read.1.tlog
c:\devel\spartacus-version-infow_working_no_decrypt\versiondllhijackdropper\x64\release\version.tlog\cl.write.1.tlog
c:\devel\spartacus-version-infow_working_no_decrypt\versiondllhijackdropper\x64\release\version.tlog\link.command.1.tlog
c:\devel\spartacus-version-infow_working_no_decrypt\versiondllhijackdropper\x64\release\version.tlog\link.read.1.tlog
c:\devel\spartacus-version-infow_working_no_decrypt\versiondllhijackdropper\x64\release\version.tlog\link.write.1.tlog
c:\devel\spartacus-version-infow_working_no_decrypt\versiondllhijackdropper\x64\release\version.tlog\link.write.2u.tlog
c:\devel\spartacus-version-infow_working_no_decrypt\versiondllhijackdropper\x64\release\version.tlog\masm.read.1u.tlog
c:\devel\spartacus-version-infow_working_no_decrypt\versiondllhijackdropper\x64\release\version.tlog\masm.write.1u.tlog
c:\devel\spartacus-version-infow_working_no_decrypt\versiondllhijackdropper\x64\release\version.tlog\rc.command.1.tlog
c:\devel\spartacus-version-infow_working_no_decrypt\versiondllhijackdropper\x64\release\version.tlog\rc.read.1.tlog
c:\devel\spartacus-version-infow_working_no_decrypt\versiondllhijackdropper\x64\release\version.tlog\rc.write.1.tlog
