c:\devel\spartacus-version-infow_working_no_decrypt\spartacus-version-infow\x64\debug\vc143.pdb
c:\devel\spartacus-version-infow_working_no_decrypt\spartacus-version-infow\x64\debug\vc143.idb
c:\devel\spartacus-version-infow_working_no_decrypt\spartacus-version-infow\x64\debug\dllmain.obj
c:\devel\spartacus-version-infow_working_no_decrypt\spartacus-version-infow\x64\debug\syscalls.obj
c:\devel\spartacus-version-infow_working_no_decrypt\spartacus-version-infow\x64\debug\version.lib
c:\devel\spartacus-version-infow_working_no_decrypt\spartacus-version-infow\x64\debug\version.exp
c:\devel\spartacus-version-infow_working_no_decrypt\spartacus-version-infow\x64\debug\version.dll
c:\devel\spartacus-version-infow_working_no_decrypt\spartacus-version-infow\x64\debug\version.ilk
c:\devel\spartacus-version-infow_working_no_decrypt\spartacus-version-infow\x64\debug\version.pdb
c:\devel\spartacus-version-infow_working_no_decrypt\spartacus-version-infow\x64\debug\syscallsstubs.std.x64.obj
c:\devel\spartacus-version-infow_working_no_decrypt\spartacus-version-infow\x64\debug\version.res
c:\devel\spartacus-version-infow_working_no_decrypt\versiondllhijackdropper\x64\debug\dllmain.obj
c:\devel\spartacus-version-infow_working_no_decrypt\versiondllhijackdropper\x64\debug\syscalls.obj
c:\devel\spartacus-version-infow_working_no_decrypt\versiondllhijackdropper\x64\debug\syscallsstubs.std.x64.obj
c:\devel\spartacus-version-infow_working_no_decrypt\versiondllhijackdropper\x64\debug\version.ilk
c:\devel\spartacus-version-infow_working_no_decrypt\versiondllhijackdropper\x64\debug\version.res
c:\devel\spartacus-version-infow_working_no_decrypt\versiondllhijackdropper\x64\debug\version.exp
c:\devel\spartacus-version-infow_working_no_decrypt\versiondllhijackdropper\x64\debug\vc143.idb
c:\devel\spartacus-version-infow_working_no_decrypt\versiondllhijackdropper\x64\debug\vc143.pdb
c:\devel\spartacus-version-infow_working_no_decrypt\versiondllhijackdropper\x64\debug\version.pdb
c:\devel\spartacus-version-infow_working_no_decrypt\versiondllhijackdropper\x64\debug\version.dll
c:\devel\spartacus-version-infow_working_no_decrypt\versiondllhijackdropper\x64\debug\version.tlog\cl.command.1.tlog
c:\devel\spartacus-version-infow_working_no_decrypt\versiondllhijackdropper\x64\debug\version.tlog\cl.items.tlog
c:\devel\spartacus-version-infow_working_no_decrypt\versiondllhijackdropper\x64\debug\version.tlog\cl.read.1.tlog
c:\devel\spartacus-version-infow_working_no_decrypt\versiondllhijackdropper\x64\debug\version.tlog\cl.write.1.tlog
c:\devel\spartacus-version-infow_working_no_decrypt\versiondllhijackdropper\x64\debug\version.tlog\link.command.1.tlog
c:\devel\spartacus-version-infow_working_no_decrypt\versiondllhijackdropper\x64\debug\version.tlog\link.read.1.tlog
c:\devel\spartacus-version-infow_working_no_decrypt\versiondllhijackdropper\x64\debug\version.tlog\link.write.1.tlog
c:\devel\spartacus-version-infow_working_no_decrypt\versiondllhijackdropper\x64\debug\version.tlog\link.write.2u.tlog
c:\devel\spartacus-version-infow_working_no_decrypt\versiondllhijackdropper\x64\debug\version.tlog\masm.read.1u.tlog
c:\devel\spartacus-version-infow_working_no_decrypt\versiondllhijackdropper\x64\debug\version.tlog\masm.write.1u.tlog
c:\devel\spartacus-version-infow_working_no_decrypt\versiondllhijackdropper\x64\debug\version.tlog\rc.command.1.tlog
c:\devel\spartacus-version-infow_working_no_decrypt\versiondllhijackdropper\x64\debug\version.tlog\rc.read.1.tlog
c:\devel\spartacus-version-infow_working_no_decrypt\versiondllhijackdropper\x64\debug\version.tlog\rc.write.1.tlog
